-------------------------------------------------------------------------------
Test set: edu.miu.eshop.eshopuser.EshopUserApplicationTests
-------------------------------------------------------------------------------
Tests run: 1, Failures: 0, Errors: 1, Skipped: 0, Time elapsed: 8.787 s <<< FAILURE! - in edu.miu.eshop.eshopuser.EshopUserApplicationTests
contextLoads  Time elapsed: 0.013 s  <<< ERROR!
java.lang.IllegalStateException: Failed to load ApplicationContext
Caused by: org.springframework.beans.factory.UnsatisfiedDependencyException: Error creating bean with name 'authenticationController' defined in file [/Volumes/Data/IntelliJworkplace/eshop-user/target/classes/edu/miu/eshop/eshopuser/controller/AuthenticationController.class]: Unsatisfied dependency expressed through constructor parameter 0; nested exception is org.springframework.beans.factory.UnsatisfiedDependencyException: Error creating bean with name 'customerServiceImpl' defined in file [/Volumes/Data/IntelliJworkplace/eshop-user/target/classes/edu/miu/eshop/eshopuser/service/CustomerServiceImpl.class]: Unsatisfied dependency expressed through constructor parameter 1; nested exception is org.springframework.beans.factory.UnsatisfiedDependencyException: Error creating bean with name 'securityConfigurer': Unsatisfied dependency expressed through field 'authDetailService'; nested exception is org.springframework.beans.factory.UnsatisfiedDependencyException: Error creating bean with name 'jwtAuthDetailService': Unsatisfied dependency expressed through field 'customerService'; nested exception is org.springframework.beans.factory.BeanCurrentlyInCreationException: Error creating bean with name 'customerServiceImpl': Requested bean is currently in creation: Is there an unresolvable circular reference?
Caused by: org.springframework.beans.factory.UnsatisfiedDependencyException: Error creating bean with name 'customerServiceImpl' defined in file [/Volumes/Data/IntelliJworkplace/eshop-user/target/classes/edu/miu/eshop/eshopuser/service/CustomerServiceImpl.class]: Unsatisfied dependency expressed through constructor parameter 1; nested exception is org.springframework.beans.factory.UnsatisfiedDependencyException: Error creating bean with name 'securityConfigurer': Unsatisfied dependency expressed through field 'authDetailService'; nested exception is org.springframework.beans.factory.UnsatisfiedDependencyException: Error creating bean with name 'jwtAuthDetailService': Unsatisfied dependency expressed through field 'customerService'; nested exception is org.springframework.beans.factory.BeanCurrentlyInCreationException: Error creating bean with name 'customerServiceImpl': Requested bean is currently in creation: Is there an unresolvable circular reference?
Caused by: org.springframework.beans.factory.UnsatisfiedDependencyException: Error creating bean with name 'securityConfigurer': Unsatisfied dependency expressed through field 'authDetailService'; nested exception is org.springframework.beans.factory.UnsatisfiedDependencyException: Error creating bean with name 'jwtAuthDetailService': Unsatisfied dependency expressed through field 'customerService'; nested exception is org.springframework.beans.factory.BeanCurrentlyInCreationException: Error creating bean with name 'customerServiceImpl': Requested bean is currently in creation: Is there an unresolvable circular reference?
Caused by: org.springframework.beans.factory.UnsatisfiedDependencyException: Error creating bean with name 'jwtAuthDetailService': Unsatisfied dependency expressed through field 'customerService'; nested exception is org.springframework.beans.factory.BeanCurrentlyInCreationException: Error creating bean with name 'customerServiceImpl': Requested bean is currently in creation: Is there an unresolvable circular reference?
Caused by: org.springframework.beans.factory.BeanCurrentlyInCreationException: Error creating bean with name 'customerServiceImpl': Requested bean is currently in creation: Is there an unresolvable circular reference?

